<?xml version="1.0" encoding="UTF-8"?>
<!-- Generated by org.testng.reporters.JUnitReportReporter -->
<testsuite hostname="3WNR5Y2" name="com.tricentis.demowebshop.Login" tests="3" failures="0" timestamp="7 Apr 2020 11:36:28 GMT" time="13.322" errors="0">
  <testcase name="OrderProduct_Test" time="3.725" classname="com.tricentis.demowebshop.Login"/>
  <testcase name="Payment_Test" time="3.951" classname="com.tricentis.demowebshop.Login"/>
  <testcase name="Login_Test" time="5.646" classname="com.tricentis.demowebshop.Login"/>
</testsuite> <!-- com.tricentis.demowebshop.Login -->
